<?xml version="1.0" encoding="UTF-8"?>
<testng-results ignored="0" total="3" passed="3" failed="0" skipped="0">
  <reporter-output>
  </reporter-output>
  <suite started-at="2022-06-05T21:29:17 IDT" name="Default suite" finished-at="2022-06-05T21:29:26 IDT" duration-ms="8408">
    <groups>
    </groups>
    <test started-at="2022-06-05T21:29:17 IDT" name="Default test" finished-at="2022-06-05T21:29:26 IDT" duration-ms="8408">
      <class name="HomePageTests">
        <test-method is-config="true" signature="setup()[pri:0, instance:HomePageTests@6572421]" started-at="2022-06-05T21:29:15 IDT" name="setup" finished-at="2022-06-05T21:29:17 IDT" duration-ms="1768" status="PASS">
          <reporter-output>
          </reporter-output>
        </test-method> <!-- setup -->
        <test-method signature="ShouldAddToCart()[pri:0, instance:HomePageTests@6572421]" started-at="2022-06-05T21:29:17 IDT" name="ShouldAddToCart" finished-at="2022-06-05T21:29:25 IDT" duration-ms="8058" status="PASS">
          <reporter-output>
          </reporter-output>
        </test-method> <!-- ShouldAddToCart -->
        <test-method signature="ValidatProductTitile()[pri:0, instance:HomePageTests@6572421]" started-at="2022-06-05T21:29:25 IDT" name="ValidatProductTitile" finished-at="2022-06-05T21:29:25 IDT" duration-ms="63" status="PASS">
          <reporter-output>
          </reporter-output>
        </test-method> <!-- ValidatProductTitile -->
        <test-method signature="ValidateCartCounter()[pri:0, instance:HomePageTests@6572421]" started-at="2022-06-05T21:29:25 IDT" name="ValidateCartCounter" finished-at="2022-06-05T21:29:25 IDT" duration-ms="30" status="PASS">
          <reporter-output>
          </reporter-output>
        </test-method> <!-- ValidateCartCounter -->
        <test-method is-config="true" signature="teardown()[pri:0, instance:HomePageTests@6572421]" started-at="2022-06-05T21:29:25 IDT" name="teardown" finished-at="2022-06-05T21:29:26 IDT" duration-ms="212" status="PASS">
          <reporter-output>
          </reporter-output>
        </test-method> <!-- teardown -->
      </class> <!-- HomePageTests -->
    </test> <!-- Default test -->
  </suite> <!-- Default suite -->
</testng-results>
