<?xml version="1.0" encoding="UTF-8"?>
<!-- Generated by org.testng.reporters.JUnitXMLReporter -->
<testsuite ignored="0" hostname="asus" failures="0" tests="3" name="Default test" time="8.408" errors="0" timestamp="2022-06-05T21:29:26 IDT">
  <testcase classname="HomePageTests" name="ShouldAddToCart" time="8.058"/>
  <testcase classname="HomePageTests" name="ValidatProductTitile" time="0.063"/>
  <testcase classname="HomePageTests" name="ValidateCartCounter" time="0.03"/>
</testsuite> <!-- Default test -->
